<?xml version="1.0" encoding="UTF-8"?>
<testsuite xmlns:xsi="http://www.w3.org/2001/XMLSchema-instance" xsi:noNamespaceSchemaLocation="https://maven.apache.org/surefire/maven-surefire-plugin/xsd/surefire-test-report-3.0.xsd" version="3.0" name="com.imt.framework.web.delivecrous.DelivecrousApplicationTests" time="7.48" tests="1" errors="0" skipped="0" failures="0">
  <properties>
[...]
</properties>
  <testcase name="contextLoads" classname="com.imt.framework.web.delivecrous.DelivecrousApplicationTests" time="0.723">
    <system-out><![CDATA[10:09:11.346 [main] INFO org.springframework.test.context.support.AnnotationConfigContextLoaderUtils -- Could not detect default configuration classes for test class [com.imt.framework.web.delivecrous.DelivecrousApplicationTests]: DelivecrousApplicationTests does not declare any static, non-private, non-final, nested classes annotated with @Configuration.
10:09:11.482 [main] INFO org.springframework.boot.test.context.SpringBootTestContextBootstrapper -- Found @SpringBootConfiguration com.imt.framework.web.delivecrous.DelivecrousApplication for test class com.imt.framework.web.delivecrous.DelivecrousApplicationTests

  .   ____          _            __ _ _
 /\\ / ___'_ __ _ _(_)_ __  __ _ \ \ \ \
( ( )\___ | '_ | '_| | '_ \/ _` | \ \ \ \
 \\/  ___)| |_)| | | | | || (_| |  ) ) ) )
  '  |____| .__|_| |_|_| |_\__, | / / / /
 =========|_|==============|___/=/_/_/_/
 :: Spring Boot ::                (v3.1.3)

2023-08-30T10:09:12.037+02:00  INFO 19984 --- [           main] c.i.f.w.d.DelivecrousApplicationTests    : Starting DelivecrousApplicationTests using Java 17.0.5 with PID 19984 (started by perso in C:\Users\perso\Documents\IMT Nord Europe\DeuxièmeAnnée\ProjetFrameworkWeb\delivecrous\Delivecrous-back)
2023-08-30T10:09:12.039+02:00  INFO 19984 --- [           main] c.i.f.w.d.DelivecrousApplicationTests    : No active profile set, falling back to 1 default profile: "default"
2023-08-30T10:09:13.129+02:00  INFO 19984 --- [           main] .s.d.r.c.RepositoryConfigurationDelegate : Bootstrapping Spring Data JPA repositories in DEFAULT mode.
2023-08-30T10:09:13.187+02:00  INFO 19984 --- [           main] .s.d.r.c.RepositoryConfigurationDelegate : Finished Spring Data repository scanning in 47 ms. Found 1 JPA repository interfaces.
2023-08-30T10:09:13.816+02:00  INFO 19984 --- [           main] o.hibernate.jpa.internal.util.LogHelper  : HHH000204: Processing PersistenceUnitInfo [name: default]
2023-08-30T10:09:13.909+02:00  INFO 19984 --- [           main] org.hibernate.Version                    : HHH000412: Hibernate ORM core version 6.2.7.Final
2023-08-30T10:09:13.911+02:00  INFO 19984 --- [           main] org.hibernate.cfg.Environment            : HHH000406: Using bytecode reflection optimizer
2023-08-30T10:09:14.308+02:00  INFO 19984 --- [           main] o.h.b.i.BytecodeProviderInitiator        : HHH000021: Bytecode provider name : bytebuddy
2023-08-30T10:09:14.547+02:00  INFO 19984 --- [           main] o.s.o.j.p.SpringPersistenceUnitInfo      : No LoadTimeWeaver setup: ignoring JPA class transformer
2023-08-30T10:09:14.572+02:00  INFO 19984 --- [           main] com.zaxxer.hikari.HikariDataSource       : HikariPool-1 - Starting...
2023-08-30T10:09:14.885+02:00  INFO 19984 --- [           main] com.zaxxer.hikari.pool.HikariPool        : HikariPool-1 - Added connection conn0: url=jdbc:h2:file:~/demo user=SA
2023-08-30T10:09:14.887+02:00  INFO 19984 --- [           main] com.zaxxer.hikari.HikariDataSource       : HikariPool-1 - Start completed.
2023-08-30T10:09:15.172+02:00  INFO 19984 --- [           main] o.h.b.i.BytecodeProviderInitiator        : HHH000021: Bytecode provider name : bytebuddy
2023-08-30T10:09:15.861+02:00  INFO 19984 --- [           main] o.h.e.t.j.p.i.JtaPlatformInitiator       : HHH000490: Using JtaPlatform implementation: [org.hibernate.engine.transaction.jta.platform.internal.NoJtaPlatform]
2023-08-30T10:09:15.900+02:00  INFO 19984 --- [           main] j.LocalContainerEntityManagerFactoryBean : Initialized JPA EntityManagerFactory for persistence unit 'default'
2023-08-30T10:09:16.269+02:00  INFO 19984 --- [           main] o.s.b.a.e.web.EndpointLinksResolver      : Exposing 1 endpoint(s) beneath base path '/actuator'
2023-08-30T10:09:17.127+02:00  INFO 19984 --- [           main] o.s.d.j.r.query.QueryEnhancerFactory     : Hibernate is in classpath; If applicable, HQL parser will be used.
2023-08-30T10:09:17.645+02:00  INFO 19984 --- [           main] o.s.b.a.h2.H2ConsoleAutoConfiguration    : H2 console available at '/h2'. Database available at 'jdbc:h2:file:~/demo'
2023-08-30T10:09:17.762+02:00  INFO 19984 --- [           main] c.i.f.w.d.DelivecrousApplicationTests    : Started DelivecrousApplicationTests in 6.054 seconds (process running for 7.382)
]]></system-out>
  </testcase>
</testsuite>