<?xml version="1.0" encoding="UTF-8"?>
<testsuite xmlns:xsi="http://www.w3.org/2001/XMLSchema-instance" xsi:noNamespaceSchemaLocation="https://maven.apache.org/surefire/maven-surefire-plugin/xsd/surefire-test-report-3.0.xsd" version="3.0" name="com.imt.framework.web.delivecrous.DelivecrousApplicationTests" time="10.966" tests="1" errors="0" skipped="0" failures="0">
  <properties>
[...]
</properties>
  <testcase name="contextLoads" classname="com.imt.framework.web.delivecrous.DelivecrousApplicationTests" time="0.789">
    <system-out><![CDATA[20:43:17.945 [main] INFO org.springframework.test.context.support.AnnotationConfigContextLoaderUtils -- Could not detect default configuration classes for test class [com.imt.framework.web.delivecrous.DelivecrousApplicationTests]: DelivecrousApplicationTests does not declare any static, non-private, non-final, nested classes annotated with @Configuration.
20:43:18.160 [main] INFO org.springframework.boot.test.context.SpringBootTestContextBootstrapper -- Found @SpringBootConfiguration com.imt.framework.web.delivecrous.DelivecrousApplication for test class com.imt.framework.web.delivecrous.DelivecrousApplicationTests

  .   ____          _            __ _ _
 /\\ / ___'_ __ _ _(_)_ __  __ _ \ \ \ \
( ( )\___ | '_ | '_| | '_ \/ _` | \ \ \ \
 \\/  ___)| |_)| | | | | || (_| |  ) ) ) )
  '  |____| .__|_| |_|_| |_\__, | / / / /
 =========|_|==============|___/=/_/_/_/
 :: Spring Boot ::                (v3.1.3)

2023-09-05T20:43:19.105+02:00  INFO 7992 --- [           main] c.i.f.w.d.DelivecrousApplicationTests    : Starting DelivecrousApplicationTests using Java 17.0.1 with PID 7992 (started by Chouchane Habiba in C:\Users\hp\OneDrive\Documents\GitHub\Delivecrous-back)
2023-09-05T20:43:19.108+02:00  INFO 7992 --- [           main] c.i.f.w.d.DelivecrousApplicationTests    : No active profile set, falling back to 1 default profile: "default"
2023-09-05T20:43:20.911+02:00  INFO 7992 --- [           main] .s.d.r.c.RepositoryConfigurationDelegate : Bootstrapping Spring Data JPA repositories in DEFAULT mode.
2023-09-05T20:43:21.011+02:00  INFO 7992 --- [           main] .s.d.r.c.RepositoryConfigurationDelegate : Finished Spring Data repository scanning in 82 ms. Found 3 JPA repository interfaces.
2023-09-05T20:43:21.818+02:00  INFO 7992 --- [           main] o.hibernate.jpa.internal.util.LogHelper  : HHH000204: Processing PersistenceUnitInfo [name: default]
2023-09-05T20:43:21.944+02:00  INFO 7992 --- [           main] org.hibernate.Version                    : HHH000412: Hibernate ORM core version 6.2.7.Final
2023-09-05T20:43:21.944+02:00  INFO 7992 --- [           main] org.hibernate.cfg.Environment            : HHH000406: Using bytecode reflection optimizer
2023-09-05T20:43:22.335+02:00  INFO 7992 --- [           main] o.h.b.i.BytecodeProviderInitiator        : HHH000021: Bytecode provider name : bytebuddy
2023-09-05T20:43:22.615+02:00  INFO 7992 --- [           main] o.s.o.j.p.SpringPersistenceUnitInfo      : No LoadTimeWeaver setup: ignoring JPA class transformer
2023-09-05T20:43:22.648+02:00  INFO 7992 --- [           main] com.zaxxer.hikari.HikariDataSource       : HikariPool-1 - Starting...
2023-09-05T20:43:23.034+02:00  INFO 7992 --- [           main] com.zaxxer.hikari.pool.HikariPool        : HikariPool-1 - Added connection conn0: url=jdbc:h2:file:~/demo user=SA
2023-09-05T20:43:23.043+02:00  INFO 7992 --- [           main] com.zaxxer.hikari.HikariDataSource       : HikariPool-1 - Start completed.
2023-09-05T20:43:23.593+02:00  INFO 7992 --- [           main] o.h.b.i.BytecodeProviderInitiator        : HHH000021: Bytecode provider name : bytebuddy
2023-09-05T20:43:24.677+02:00  INFO 7992 --- [           main] o.h.e.t.j.p.i.JtaPlatformInitiator       : HHH000490: Using JtaPlatform implementation: [org.hibernate.engine.transaction.jta.platform.internal.NoJtaPlatform]
2023-09-05T20:43:24.744+02:00  INFO 7992 --- [           main] j.LocalContainerEntityManagerFactoryBean : Initialized JPA EntityManagerFactory for persistence unit 'default'
2023-09-05T20:43:25.191+02:00  INFO 7992 --- [           main] o.s.b.a.e.web.EndpointLinksResolver      : Exposing 1 endpoint(s) beneath base path '/actuator'
2023-09-05T20:43:26.615+02:00  INFO 7992 --- [           main] o.s.d.j.r.query.QueryEnhancerFactory     : Hibernate is in classpath; If applicable, HQL parser will be used.
2023-09-05T20:43:27.563+02:00  INFO 7992 --- [           main] o.s.b.a.h2.H2ConsoleAutoConfiguration    : H2 console available at '/h2'. Database available at 'jdbc:h2:file:~/demo'
2023-09-05T20:43:27.704+02:00  INFO 7992 --- [           main] c.i.f.w.d.DelivecrousApplicationTests    : Started DelivecrousApplicationTests in 9.192 seconds (process running for 11.03)
]]></system-out>
  </testcase>
</testsuite>